<?xml version="1.0" encoding="UTF-8"?>
<!-- Generated by org.testng.reporters.JUnitXMLReporter -->
<testsuite ignored="0" hostname="THRINATH" failures="0" tests="2" name="Test-1" time="30.101" errors="0" timestamp="2025-03-17T16:51:10 IST">
  <testcase classname="com.SalesAndInventorySystem.Admin.Inventory.Inventory" name="TC_ST_015" time="5.467"/>
  <testcase classname="com.SalesAndInventorySystem.Admin.Inventory.Inventory" name="TC_ST_017" time="12.647"/>
</testsuite> <!-- Test-1 -->
