<?xml version="1.0" encoding="UTF-8"?>
<!-- Generated by org.testng.reporters.JUnitXMLReporter -->
<testsuite ignored="0" hostname="THRINATH" failures="1" tests="3" name="Test-4" time="36.836" errors="0" timestamp="2025-03-17T14:32:19 IST">
  <testcase classname="com.SalesAndInventorySystem.Admin.Product.Product" name="TC_IT_010" time="7.811">
    <failure type="java.lang.NullPointerException" message="Cannot invoke &amp;quot;com.SalesAndInventorySystem.WebDriverUtility.WebDriverUtility.validateUsingHardAsset(String, String)&amp;quot; because &amp;quot;com.SalesAndInventorySystem.Admin.Product.Product.wlib&amp;quot; is null">
      <![CDATA[java.lang.NullPointerException: Cannot invoke "com.SalesAndInventorySystem.WebDriverUtility.WebDriverUtility.validateUsingHardAsset(String, String)" because "com.SalesAndInventorySystem.Admin.Product.Product.wlib" is null
at com.SalesAndInventorySystem.Admin.Product.Product.TC_IT_010(Product.java:74)
at java.base/java.util.ArrayList.forEach(ArrayList.java:1597)
at java.base/java.util.concurrent.FutureTask.run(FutureTask.java:317)
at java.base/java.util.concurrent.ThreadPoolExecutor.runWorker(ThreadPoolExecutor.java:1144)
at java.base/java.util.concurrent.ThreadPoolExecutor$Worker.run(ThreadPoolExecutor.java:642)
at java.base/java.lang.Thread.run(Thread.java:1570)
... Removed 15 stack frames]]>
    </failure>
  </testcase> <!-- TC_IT_010 -->
  <testcase classname="com.SalesAndInventorySystem.Admin.Product.Product" name="TC_ST_009" time="5.871"/>
  <testcase classname="com.SalesAndInventorySystem.Admin.Product.Product" name="T_Smoke_030" time="5.683"/>
</testsuite> <!-- Test-4 -->
