<?xml version="1.0" encoding="UTF-8"?>
<!-- Generated by org.testng.reporters.JUnitXMLReporter -->
<testsuite ignored="0" hostname="THRINATH" failures="0" tests="3" name="Test-3" time="38.37" errors="0" timestamp="2025-03-17T16:51:33 IST">
  <testcase classname="com.SalesAndInventorySystem.Admin.Product.Product" name="TC_IT_010" time="9.639"/>
  <testcase classname="com.SalesAndInventorySystem.Admin.Product.Product" name="TC_ST_009" time="5.945"/>
  <testcase classname="com.SalesAndInventorySystem.Admin.Product.Product" name="TC_Smoke_030" time="6.361"/>
</testsuite> <!-- Test-3 -->
