<?xml version="1.0" encoding="UTF-8"?>
<!-- Generated by org.testng.reporters.JUnitXMLReporter -->
<testsuite ignored="0" hostname="THRINATH" failures="0" tests="2" name="Test-2" time="15.331" errors="0" timestamp="2025-03-17T17:29:22 IST">
  <testcase classname="com.SalesAndInventorySystem.Admin.Supplier.Supplier" name="TC_IT_005" time="1.979"/>
  <testcase classname="com.SalesAndInventorySystem.Admin.Supplier.Supplier" name="TC_IT_006" time="1.348"/>
</testsuite> <!-- Test-2 -->
