<?xml version="1.0" encoding="UTF-8"?>
<!-- Generated by org.testng.reporters.JUnitReportReporter -->
<testsuite hostname="THRINATH" failures="0" tests="2" name="com.SalesAndInventorySystem.Admin.Supplier.Supplier" time="13.806" errors="0" timestamp="2025-03-17T17:30:00 IST" skipped="0">
  <testcase classname="com.SalesAndInventorySystem.Admin.Supplier.Supplier" name="TC_IT_006" time="6.433"/>
  <system-out/>
  <testcase classname="com.SalesAndInventorySystem.Admin.Supplier.Supplier" name="TC_IT_005" time="7.373"/>
  <system-out/>
</testsuite> <!-- com.SalesAndInventorySystem.Admin.Supplier.Supplier -->
