<?xml version="1.0" encoding="UTF-8"?>
<!-- Generated by org.testng.reporters.JUnitReportReporter -->
<testsuite hostname="THRINATH" failures="0" tests="2" name="com.SalesAndInventorySystem.Admin.Inventory.Inventory" time="27.438" errors="0" timestamp="2025-03-17T17:30:00 IST" skipped="0">
  <testcase classname="com.SalesAndInventorySystem.Admin.Inventory.Inventory" name="TC_ST_017" time="17.518"/>
  <system-out/>
  <testcase classname="com.SalesAndInventorySystem.Admin.Inventory.Inventory" name="TC_ST_015" time="9.920"/>
  <system-out/>
</testsuite> <!-- com.SalesAndInventorySystem.Admin.Inventory.Inventory -->
