<?xml version="1.0" encoding="UTF-8"?>
<!-- Generated by org.testng.reporters.JUnitReportReporter -->
<testsuite hostname="THRINATH" failures="0" tests="1" name="com.SalesAndInventorySystem.Admin.Supplier.Supplier" time="6.828" errors="0" timestamp="2025-03-18T10:08:12 IST" skipped="0">
  <testcase classname="com.SalesAndInventorySystem.Admin.Supplier.Supplier" name="TC_IT_005" time="6.828"/>
  <system-out/>
</testsuite> <!-- com.SalesAndInventorySystem.Admin.Supplier.Supplier -->
