<?xml version="1.0" encoding="UTF-8"?>
<!-- Generated by org.testng.reporters.JUnitReportReporter -->
<testsuite hostname="THRINATH" failures="0" tests="3" name="com.SalesAndInventorySystem.Employee.Employee" time="18.657" errors="0" timestamp="2025-03-13T15:00:38 IST" skipped="0">
  <testcase classname="com.SalesAndInventorySystem.Employee.Employee" name="EmployeePageSearchPage" time="6.873"/>
  <system-out/>
  <testcase classname="com.SalesAndInventorySystem.Employee.Employee" name="EmployeePageDetailsButton" time="5.898"/>
  <system-out/>
  <testcase classname="com.SalesAndInventorySystem.Employee.Employee" name="addEmployeeButton" time="5.886"/>
  <system-out/>
</testsuite> <!-- com.SalesAndInventorySystem.Employee.Employee -->
