<?xml version="1.0" encoding="UTF-8"?>
<!-- Generated by org.testng.reporters.JUnitReportReporter -->
<testsuite hostname="THRINATH" failures="0" tests="1" name="com.SalesAndInventorySystem.Supplier.Supplier" time="6.931" errors="0" timestamp="2025-03-13T16:12:37 IST" skipped="0">
  <testcase classname="com.SalesAndInventorySystem.Supplier.Supplier" name="TC_IT_005" time="6.931"/>
  <system-out/>
</testsuite> <!-- com.SalesAndInventorySystem.Supplier.Supplier -->
