<?xml version="1.0" encoding="UTF-8"?>
<!-- Generated by org.testng.reporters.JUnitReportReporter -->
<testsuite hostname="THRINATH" failures="0" tests="3" name="com.SalesAndInventorySystem.Admin.Product.Product" time="36.803" errors="0" timestamp="2025-03-17T17:30:00 IST" skipped="0">
  <testcase classname="com.SalesAndInventorySystem.Admin.Product.Product" name="TC_ST_009" time="11.359"/>
  <system-out/>
  <testcase classname="com.SalesAndInventorySystem.Admin.Product.Product" name="TC_IT_010" time="14.101"/>
  <system-out/>
  <testcase classname="com.SalesAndInventorySystem.Admin.Product.Product" name="TC_Smoke_030" time="11.343"/>
  <system-out/>
</testsuite> <!-- com.SalesAndInventorySystem.Admin.Product.Product -->
