<?xml version="1.0" encoding="UTF-8"?>
<!-- Generated by org.testng.reporters.JUnitReportReporter -->
<testsuite hostname="THRINATH" failures="0" tests="1" name="com.SalesAndInventorySystem.Product.Product" time="6.961" errors="0" timestamp="2025-03-13T16:26:40 IST" skipped="0">
  <testcase classname="com.SalesAndInventorySystem.Product.Product" name="createProduct" time="6.961"/>
  <system-out/>
</testsuite> <!-- com.SalesAndInventorySystem.Product.Product -->
