<?xml version="1.0" encoding="UTF-8"?>
<!-- Generated by org.testng.reporters.JUnitReportReporter -->
<testsuite hostname="THRINATH" failures="0" tests="2" name="com.SalesAndInventorySystem.Admin.Inventory.Inventory" time="25.949" errors="0" timestamp="2025-03-17T16:58:43 IST" skipped="0">
  <testcase classname="com.SalesAndInventorySystem.Admin.Inventory.Inventory" name="TC_ST_015" time="9.389"/>
  <system-out/>
  <testcase classname="com.SalesAndInventorySystem.Admin.Inventory.Inventory" name="TC_ST_017" time="16.560"/>
  <system-out/>
</testsuite> <!-- com.SalesAndInventorySystem.Admin.Inventory.Inventory -->
