<?xml version="1.0" encoding="UTF-8"?>
<!-- Generated by org.testng.reporters.JUnitReportReporter -->
<testsuite hostname="THRINATH" failures="0" tests="3" name="com.SalesAndInventorySystem.Admin.Product.Product" time="29.184" errors="0" timestamp="2025-03-18T10:05:42 IST" skipped="0">
  <testcase classname="com.SalesAndInventorySystem.Admin.Product.Product" name="TC_ST_009" time="9.754"/>
  <system-out/>
  <testcase classname="com.SalesAndInventorySystem.Admin.Product.Product" name="TC_Smoke_030" time="9.228"/>
  <system-out/>
  <testcase classname="com.SalesAndInventorySystem.Admin.Product.Product" name="TC_IT_010" time="10.202"/>
  <system-out/>
</testsuite> <!-- com.SalesAndInventorySystem.Admin.Product.Product -->
