<?xml version="1.0" encoding="UTF-8"?>
<!-- Generated by org.testng.reporters.JUnitReportReporter -->
<testsuite hostname="THRINATH" failures="0" tests="3" name="com.SalesAndInventorySystem.Admin.Employee.Employee" time="18.102" errors="0" timestamp="2025-03-17T17:45:03 IST" skipped="0">
  <testcase classname="com.SalesAndInventorySystem.Admin.Employee.Employee" name="EmployeePageDetailsButton" time="5.494"/>
  <system-out/>
  <testcase classname="com.SalesAndInventorySystem.Admin.Employee.Employee" name="EmployeePageSearchPage" time="6.670"/>
  <system-out/>
  <testcase classname="com.SalesAndInventorySystem.Admin.Employee.Employee" name="addEmployeeButton" time="5.938"/>
  <system-out/>
</testsuite> <!-- com.SalesAndInventorySystem.Admin.Employee.Employee -->
