<?xml version="1.0" encoding="UTF-8"?>
<!-- Generated by org.testng.reporters.JUnitReportReporter -->
<testsuite hostname="THRINATH" failures="0" tests="3" name="com.SalesAndInventorySystem.Admin.Product.Product" time="35.337" errors="0" timestamp="2025-03-17T16:58:43 IST" skipped="0">
  <testcase classname="com.SalesAndInventorySystem.Admin.Product.Product" name="TC_Smoke_030" time="11.334"/>
  <system-out/>
  <testcase classname="com.SalesAndInventorySystem.Admin.Product.Product" name="TC_IT_010" time="13.045"/>
  <system-out/>
  <testcase classname="com.SalesAndInventorySystem.Admin.Product.Product" name="TC_ST_009" time="10.958"/>
  <system-out/>
</testsuite> <!-- com.SalesAndInventorySystem.Admin.Product.Product -->
